# JRE version: OpenJDK Runtime Environment (Zulu 8.38.0.13-CA-win64) (8.0_212-b04) (build 1.8.0_212-b04)
# Java VM: OpenJDK 64-Bit Server VM (25.212-b04 mixed mode windows-amd64 compressed oops)
Heap:
 PSYoungGen      total 189952K, used 9848K [0x00000000d5b00000, 0x00000000e4180000, 0x0000000100000000)
  eden space 179712K, 5% used [0x00000000d5b00000,0x00000000d649e178,0x00000000e0a80000)
  from space 10240K, 0% used [0x00000000e1800000,0x00000000e1800000,0x00000000e2200000)
  to   space 13824K, 0% used [0x00000000e0a80000,0x00000000e0a80000,0x00000000e1800000)
 ParOldGen       total 54784K, used 28868K [0x0000000081000000, 0x0000000084580000, 0x00000000d5b00000)
  object space 54784K, 52% used [0x0000000081000000,0x0000000082c312b8,0x0000000084580000)
 Metaspace       used 56147K, capacity 58868K, committed 59136K, reserved 1101824K
  class space    used 7891K, capacity 8387K, committed 8448K, reserved 1048576K
GC Heap History (10 events):
Event: 4.651 GC heap before
{Heap before GC invocations=11 (full 2):
 PSYoungGen      total 193536K, used 11809K [0x00000000d5b00000, 0x00000000e4180000, 0x0000000100000000)
  eden space 179712K, 0% used [0x00000000d5b00000,0x00000000d5b00000,0x00000000e0a80000)
  from space 13824K, 85% used [0x00000000e0a80000,0x00000000e1608430,0x00000000e1800000)
  to   space 10240K, 0% used [0x00000000e1800000,0x00000000e1800000,0x00000000e2200000)
 ParOldGen       total 54784K, used 15434K [0x0000000081000000, 0x0000000084580000, 0x00000000d5b00000)
  object space 54784K, 28% used [0x0000000081000000,0x0000000081f12840,0x0000000084580000)
 Metaspace       used 33619K, capacity 35340K, committed 35456K, reserved 1079296K
  class space    used 4558K, capacity 4905K, committed 4992K, reserved 1048576K
Event: 4.738 GC heap after
Heap after GC invocations=11 (full 2):
 PSYoungGen      total 193536K, used 0K [0x00000000d5b00000, 0x00000000e4180000, 0x0000000100000000)
  eden space 179712K, 0% used [0x00000000d5b00000,0x00000000d5b00000,0x00000000e0a80000)
  from space 13824K, 0% used [0x00000000e0a80000,0x00000000e0a80000,0x00000000e1800000)
  to   space 10240K, 0% used [0x00000000e1800000,0x00000000e1800000,0x00000000e2200000)
 ParOldGen       total 54784K, used 18868K [0x0000000081000000, 0x0000000084580000, 0x00000000d5b00000)
  object space 54784K, 34% used [0x0000000081000000,0x000000008226d068,0x0000000084580000)
 Metaspace       used 33619K, capacity 35340K, committed 35456K, reserved 1079296K
  class space    used 4558K, capacity 4905K, committed 4992K, reserved 1048576K
}
Event: 5.929 GC heap before
{Heap before GC invocations=12 (full 2):
 PSYoungGen      total 193536K, used 179712K [0x00000000d5b00000, 0x00000000e4180000, 0x0000000100000000)
  eden space 179712K, 100% used [0x00000000d5b00000,0x00000000e0a80000,0x00000000e0a80000)
  from space 13824K, 0% used [0x00000000e0a80000,0x00000000e0a80000,0x00000000e1800000)
  to   space 10240K, 0% used [0x00000000e1800000,0x00000000e1800000,0x00000000e2200000)
 ParOldGen       total 54784K, used 18868K [0x0000000081000000, 0x0000000084580000, 0x00000000d5b00000)
  object space 54784K, 34% used [0x0000000081000000,0x000000008226d068,0x0000000084580000)
 Metaspace       used 47109K, capacity 49102K, committed 49280K, reserved 1091584K
  class space    used 6574K, capacity 6975K, committed 7040K, reserved 1048576K
Event: 5.942 GC heap after
Heap after GC invocations=12 (full 2):
 PSYoungGen      total 189952K, used 10220K [0x00000000d5b00000, 0x00000000e4180000, 0x0000000100000000)
  eden space 179712K, 0% used [0x00000000d5b00000,0x00000000d5b00000,0x00000000e0a80000)
  from space 10240K, 99% used [0x00000000e1800000,0x00000000e21fb388,0x00000000e2200000)
  to   space 13824K, 0% used [0x00000000e0a80000,0x00000000e0a80000,0x00000000e1800000)
 ParOldGen       total 54784K, used 24801K [0x0000000081000000, 0x0000000084580000, 0x00000000d5b00000)
  object space 54784K, 45% used [0x0000000081000000,0x00000000828386b0,0x0000000084580000)
 Metaspace       used 47109K, capacity 49102K, committed 49280K, reserved 1091584K
  class space    used 6574K, capacity 6975K, committed 7040K, reserved 1048576K
}
Event: 7.326 GC heap before
{Heap before GC invocations=13 (full 2):
 PSYoungGen      total 189952K, used 189932K [0x00000000d5b00000, 0x00000000e4180000, 0x0000000100000000)
  eden space 179712K, 100% used [0x00000000d5b00000,0x00000000e0a80000,0x00000000e0a80000)
  from space 10240K, 99% used [0x00000000e1800000,0x00000000e21fb388,0x00000000e2200000)
  to   space 13824K, 0% used [0x00000000e0a80000,0x00000000e0a80000,0x00000000e1800000)
 ParOldGen       total 54784K, used 24801K [0x0000000081000000, 0x0000000084580000, 0x00000000d5b00000)
  object space 54784K, 45% used [0x0000000081000000,0x00000000828386b0,0x0000000084580000)
 Metaspace       used 55785K, capacity 58370K, committed 58496K, reserved 1099776K
  class space    used 7819K, capacity 8292K, committed 8320K, reserved 1048576K
Event: 7.367 GC heap after
Heap after GC invocations=13 (full 2):
 PSYoungGen      total 193536K, used 13818K [0x00000000d5b00000, 0x00000000e4180000, 0x0000000100000000)
  eden space 179712K, 0% used [0x00000000d5b00000,0x00000000d5b00000,0x00000000e0a80000)
  from space 13824K, 99% used [0x00000000e0a80000,0x00000000e17fea78,0x00000000e1800000)
  to   space 10240K, 0% used [0x00000000e1800000,0x00000000e1800000,0x00000000e2200000)
 ParOldGen       total 54784K, used 31509K [0x0000000081000000, 0x0000000084580000, 0x00000000d5b00000)
  object space 54784K, 57% used [0x0000000081000000,0x0000000082ec5480,0x0000000084580000)
 Metaspace       used 55785K, capacity 58370K, committed 58496K, reserved 1099776K
  class space    used 7819K, capacity 8292K, committed 8320K, reserved 1048576K
}
Event: 7.384 GC heap before
{Heap before GC invocations=14 (full 2):
 PSYoungGen      total 193536K, used 20687K [0x00000000d5b00000, 0x00000000e4180000, 0x0000000100000000)
  eden space 179712K, 3% used [0x00000000d5b00000,0x00000000d61b5350,0x00000000e0a80000)
  from space 13824K, 99% used [0x00000000e0a80000,0x00000000e17fea78,0x00000000e1800000)
  to   space 10240K, 0% used [0x00000000e1800000,0x00000000e1800000,0x00000000e2200000)
 ParOldGen       total 54784K, used 31509K [0x0000000081000000, 0x0000000084580000, 0x00000000d5b00000)
  object space 54784K, 57% used [0x0000000081000000,0x0000000082ec5480,0x0000000084580000)
 Metaspace       used 55867K, capacity 58476K, committed 58496K, reserved 1103872K
  class space    used 7832K, capacity 8301K, committed 8320K, reserved 1048576K
Event: 7.396 GC heap after
Heap after GC invocations=14 (full 2):
 PSYoungGen      total 189952K, used 160K [0x00000000d5b00000, 0x00000000e4180000, 0x0000000100000000)
  eden space 179712K, 0% used [0x00000000d5b00000,0x00000000d5b00000,0x00000000e0a80000)
  from space 10240K, 1% used [0x00000000e1800000,0x00000000e1828000,0x00000000e2200000)
  to   space 13824K, 0% used [0x00000000e0a80000,0x00000000e0a80000,0x00000000e1800000)
 ParOldGen       total 54784K, used 38108K [0x0000000081000000, 0x0000000084580000, 0x00000000d5b00000)
  object space 54784K, 69% used [0x0000000081000000,0x0000000083537258,0x0000000084580000)
 Metaspace       used 55867K, capacity 58476K, committed 58496K, reserved 1103872K
  class space    used 7832K, capacity 8301K, committed 8320K, reserved 1048576K
}
Event: 7.396 GC heap before
{Heap before GC invocations=15 (full 3):
 PSYoungGen      total 189952K, used 160K [0x00000000d5b00000, 0x00000000e4180000, 0x0000000100000000)
  eden space 179712K, 0% used [0x00000000d5b00000,0x00000000d5b00000,0x00000000e0a80000)
  from space 10240K, 1% used [0x00000000e1800000,0x00000000e1828000,0x00000000e2200000)
  to   space 13824K, 0% used [0x00000000e0a80000,0x00000000e0a80000,0x00000000e1800000)
 ParOldGen       total 54784K, used 38108K [0x0000000081000000, 0x0000000084580000, 0x00000000d5b00000)
  object space 54784K, 69% used [0x0000000081000000,0x0000000083537258,0x0000000084580000)
 Metaspace       used 55867K, capacity 58476K, committed 58496K, reserved 1103872K
  class space    used 7832K, capacity 8301K, committed 8320K, reserved 1048576K
Event: 7.619 GC heap after
Heap after GC invocations=15 (full 3):
 PSYoungGen      total 189952K, used 0K [0x00000000d5b00000, 0x00000000e4180000, 0x0000000100000000)
  eden space 179712K, 0% used [0x00000000d5b00000,0x00000000d5b00000,0x00000000e0a80000)
  from space 10240K, 0% used [0x00000000e1800000,0x00000000e1800000,0x00000000e2200000)
  to   space 13824K, 0% used [0x00000000e0a80000,0x00000000e0a80000,0x00000000e1800000)
 ParOldGen       total 54784K, used 28868K [0x0000000081000000, 0x0000000084580000, 0x00000000d5b00000)
  object space 54784K, 52% used [0x0000000081000000,0x0000000082c312b8,0x0000000084580000)
 Metaspace       used 55867K, capacity 58476K, committed 58496K, reserved 1101824K
  class space    used 7832K, capacity 8301K, committed 8320K, reserved 1048576K
}

