# JRE version: OpenJDK Runtime Environment (Zulu 8.38.0.13-CA-win64) (8.0_212-b04) (build 1.8.0_212-b04)
# Java VM: OpenJDK 64-Bit Server VM (25.212-b04 mixed mode windows-amd64 compressed oops)
Heap:
 PSYoungGen      total 260608K, used 39676K [0x00000000d5b00000, 0x00000000e7200000, 0x0000000100000000)
  eden space 243200K, 16% used [0x00000000d5b00000,0x00000000d81bf080,0x00000000e4880000)
  from space 17408K, 0% used [0x00000000e5000000,0x00000000e5000000,0x00000000e6100000)
  to   space 14848K, 0% used [0x00000000e6380000,0x00000000e6380000,0x00000000e7200000)
 ParOldGen       total 54272K, used 23892K [0x0000000081000000, 0x0000000084500000, 0x00000000d5b00000)
  object space 54272K, 44% used [0x0000000081000000,0x0000000082755280,0x0000000084500000)
 Metaspace       used 52773K, capacity 55104K, committed 55808K, reserved 1101824K
  class space    used 7415K, capacity 7857K, committed 7936K, reserved 1048576K
GC Heap History (10 events):
Event: 7.728 GC heap before
{Heap before GC invocations=14 (full 3):
 PSYoungGen      total 260608K, used 7909K [0x00000000d5b00000, 0x00000000e7200000, 0x0000000100000000)
  eden space 243200K, 0% used [0x00000000d5b00000,0x00000000d5b00000,0x00000000e4880000)
  from space 17408K, 45% used [0x00000000e5000000,0x00000000e57b9788,0x00000000e6100000)
  to   space 14848K, 0% used [0x00000000e6380000,0x00000000e6380000,0x00000000e7200000)
 ParOldGen       total 54272K, used 27202K [0x0000000081000000, 0x0000000084500000, 0x00000000d5b00000)
  object space 54272K, 50% used [0x0000000081000000,0x0000000082a90938,0x0000000084500000)
 Metaspace       used 53052K, capacity 55466K, committed 55552K, reserved 1101824K
  class space    used 7452K, capacity 7902K, committed 7936K, reserved 1048576K
Event: 7.953 GC heap after
Heap after GC invocations=14 (full 3):
 PSYoungGen      total 260608K, used 0K [0x00000000d5b00000, 0x00000000e7200000, 0x0000000100000000)
  eden space 243200K, 0% used [0x00000000d5b00000,0x00000000d5b00000,0x00000000e4880000)
  from space 17408K, 0% used [0x00000000e5000000,0x00000000e5000000,0x00000000e6100000)
  to   space 14848K, 0% used [0x00000000e6380000,0x00000000e6380000,0x00000000e7200000)
 ParOldGen       total 54272K, used 30031K [0x0000000081000000, 0x0000000084500000, 0x00000000d5b00000)
  object space 54272K, 55% used [0x0000000081000000,0x0000000082d53e38,0x0000000084500000)
 Metaspace       used 53052K, capacity 55466K, committed 55552K, reserved 1099776K
  class space    used 7452K, capacity 7902K, committed 7936K, reserved 1048576K
}
Event: 7.953 GC heap before
{Heap before GC invocations=15 (full 3):
 PSYoungGen      total 260608K, used 4243K [0x00000000d5b00000, 0x00000000e7200000, 0x0000000100000000)
  eden space 243200K, 1% used [0x00000000d5b00000,0x00000000d5f24ff0,0x00000000e4880000)
  from space 17408K, 0% used [0x00000000e5000000,0x00000000e5000000,0x00000000e6100000)
  to   space 14848K, 0% used [0x00000000e6380000,0x00000000e6380000,0x00000000e7200000)
 ParOldGen       total 54272K, used 30031K [0x0000000081000000, 0x0000000084500000, 0x00000000d5b00000)
  object space 54272K, 55% used [0x0000000081000000,0x0000000082d53e38,0x0000000084500000)
 Metaspace       used 53052K, capacity 55466K, committed 55552K, reserved 1103872K
  class space    used 7452K, capacity 7902K, committed 7936K, reserved 1048576K
Event: 7.955 GC heap after
Heap after GC invocations=15 (full 3):
 PSYoungGen      total 258048K, used 128K [0x00000000d5b00000, 0x00000000e7200000, 0x0000000100000000)
  eden space 243200K, 0% used [0x00000000d5b00000,0x00000000d5b00000,0x00000000e4880000)
  from space 14848K, 0% used [0x00000000e6380000,0x00000000e63a0000,0x00000000e7200000)
  to   space 17408K, 0% used [0x00000000e5000000,0x00000000e5000000,0x00000000e6100000)
 ParOldGen       total 54272K, used 30031K [0x0000000081000000, 0x0000000084500000, 0x00000000d5b00000)
  object space 54272K, 55% used [0x0000000081000000,0x0000000082d53e38,0x0000000084500000)
 Metaspace       used 53052K, capacity 55466K, committed 55552K, reserved 1103872K
  class space    used 7452K, capacity 7902K, committed 7936K, reserved 1048576K
}
Event: 7.955 GC heap before
{Heap before GC invocations=16 (full 4):
 PSYoungGen      total 258048K, used 128K [0x00000000d5b00000, 0x00000000e7200000, 0x0000000100000000)
  eden space 243200K, 0% used [0x00000000d5b00000,0x00000000d5b00000,0x00000000e4880000)
  from space 14848K, 0% used [0x00000000e6380000,0x00000000e63a0000,0x00000000e7200000)
  to   space 17408K, 0% used [0x00000000e5000000,0x00000000e5000000,0x00000000e6100000)
 ParOldGen       total 54272K, used 30031K [0x0000000081000000, 0x0000000084500000, 0x00000000d5b00000)
  object space 54272K, 55% used [0x0000000081000000,0x0000000082d53e38,0x0000000084500000)
 Metaspace       used 53052K, capacity 55466K, committed 55552K, reserved 1103872K
  class space    used 7452K, capacity 7902K, committed 7936K, reserved 1048576K
Event: 8.005 GC heap after
Heap after GC invocations=16 (full 4):
 PSYoungGen      total 258048K, used 0K [0x00000000d5b00000, 0x00000000e7200000, 0x0000000100000000)
  eden space 243200K, 0% used [0x00000000d5b00000,0x00000000d5b00000,0x00000000e4880000)
  from space 14848K, 0% used [0x00000000e6380000,0x00000000e6380000,0x00000000e7200000)
  to   space 17408K, 0% used [0x00000000e5000000,0x00000000e5000000,0x00000000e6100000)
 ParOldGen       total 54272K, used 28680K [0x0000000081000000, 0x0000000084500000, 0x00000000d5b00000)
  object space 54272K, 52% used [0x0000000081000000,0x0000000082c02088,0x0000000084500000)
 Metaspace       used 53052K, capacity 55466K, committed 55552K, reserved 1099776K
  class space    used 7452K, capacity 7902K, committed 7936K, reserved 1048576K
}
Event: 8.006 GC heap before
{Heap before GC invocations=17 (full 4):
 PSYoungGen      total 258048K, used 0K [0x00000000d5b00000, 0x00000000e7200000, 0x0000000100000000)
  eden space 243200K, 0% used [0x00000000d5b00000,0x00000000d5b00000,0x00000000e4880000)
  from space 14848K, 0% used [0x00000000e6380000,0x00000000e6380000,0x00000000e7200000)
  to   space 17408K, 0% used [0x00000000e5000000,0x00000000e5000000,0x00000000e6100000)
 ParOldGen       total 54272K, used 28680K [0x0000000081000000, 0x0000000084500000, 0x00000000d5b00000)
  object space 54272K, 52% used [0x0000000081000000,0x0000000082c02088,0x0000000084500000)
 Metaspace       used 53052K, capacity 55466K, committed 55552K, reserved 1103872K
  class space    used 7452K, capacity 7902K, committed 7936K, reserved 1048576K
Event: 8.007 GC heap after
Heap after GC invocations=17 (full 4):
 PSYoungGen      total 260608K, used 0K [0x00000000d5b00000, 0x00000000e7200000, 0x0000000100000000)
  eden space 243200K, 0% used [0x00000000d5b00000,0x00000000d5b00000,0x00000000e4880000)
  from space 17408K, 0% used [0x00000000e5000000,0x00000000e5000000,0x00000000e6100000)
  to   space 14848K, 0% used [0x00000000e6380000,0x00000000e6380000,0x00000000e7200000)
 ParOldGen       total 54272K, used 28680K [0x0000000081000000, 0x0000000084500000, 0x00000000d5b00000)
  object space 54272K, 52% used [0x0000000081000000,0x0000000082c02088,0x0000000084500000)
 Metaspace       used 53052K, capacity 55466K, committed 55552K, reserved 1103872K
  class space    used 7452K, capacity 7902K, committed 7936K, reserved 1048576K
}
Event: 8.007 GC heap before
{Heap before GC invocations=18 (full 5):
 PSYoungGen      total 260608K, used 0K [0x00000000d5b00000, 0x00000000e7200000, 0x0000000100000000)
  eden space 243200K, 0% used [0x00000000d5b00000,0x00000000d5b00000,0x00000000e4880000)
  from space 17408K, 0% used [0x00000000e5000000,0x00000000e5000000,0x00000000e6100000)
  to   space 14848K, 0% used [0x00000000e6380000,0x00000000e6380000,0x00000000e7200000)
 ParOldGen       total 54272K, used 28680K [0x0000000081000000, 0x0000000084500000, 0x00000000d5b00000)
  object space 54272K, 52% used [0x0000000081000000,0x0000000082c02088,0x0000000084500000)
 Metaspace       used 53052K, capacity 55466K, committed 55552K, reserved 1103872K
  class space    used 7452K, capacity 7902K, committed 7936K, reserved 1048576K
Event: 8.145 GC heap after
Heap after GC invocations=18 (full 5):
 PSYoungGen      total 260608K, used 0K [0x00000000d5b00000, 0x00000000e7200000, 0x0000000100000000)
  eden space 243200K, 0% used [0x00000000d5b00000,0x00000000d5b00000,0x00000000e4880000)
  from space 17408K, 0% used [0x00000000e5000000,0x00000000e5000000,0x00000000e6100000)
  to   space 14848K, 0% used [0x00000000e6380000,0x00000000e6380000,0x00000000e7200000)
 ParOldGen       total 54272K, used 23892K [0x0000000081000000, 0x0000000084500000, 0x00000000d5b00000)
  object space 54272K, 44% used [0x0000000081000000,0x0000000082755280,0x0000000084500000)
 Metaspace       used 52747K, capacity 54978K, committed 55552K, reserved 1099776K
  class space    used 7405K, capacity 7816K, committed 7936K, reserved 1048576K
}

