# JRE version: OpenJDK Runtime Environment (Zulu 8.38.0.13-CA-win64) (8.0_212-b04) (build 1.8.0_212-b04)
# Java VM: OpenJDK 64-Bit Server VM (25.212-b04 mixed mode windows-amd64 compressed oops)
Heap:
 PSYoungGen      total 232448K, used 69190K [0x00000000d5b00000, 0x00000000e8880000, 0x0000000100000000)
  eden space 215552K, 32% used [0x00000000d5b00000,0x00000000d9e918b0,0x00000000e2d80000)
  from space 16896K, 0% used [0x00000000e2d80000,0x00000000e2d80000,0x00000000e3e00000)
  to   space 18944K, 0% used [0x00000000e7600000,0x00000000e7600000,0x00000000e8880000)
 ParOldGen       total 136704K, used 37507K [0x0000000081000000, 0x0000000089580000, 0x00000000d5b00000)
  object space 136704K, 27% used [0x0000000081000000,0x00000000834a0fd8,0x0000000089580000)
 Metaspace       used 59366K, capacity 62260K, committed 62424K, reserved 1103872K
  class space    used 8371K, capacity 8897K, committed 8960K, reserved 1048576K
GC Heap History (10 events):
Event: 4.921 GC heap before
{Heap before GC invocations=10 (full 1):
 PSYoungGen      total 175104K, used 118115K [0x00000000d5b00000, 0x00000000e3980000, 0x0000000100000000)
  eden space 164864K, 65% used [0x00000000d5b00000,0x00000000dc45a678,0x00000000dfc00000)
  from space 10240K, 99% used [0x00000000e0980000,0x00000000e137e960,0x00000000e1380000)
  to   space 13824K, 0% used [0x00000000dfc00000,0x00000000dfc00000,0x00000000e0980000)
 ParOldGen       total 57856K, used 13375K [0x0000000081000000, 0x0000000084880000, 0x00000000d5b00000)
  object space 57856K, 23% used [0x0000000081000000,0x0000000081d0fc30,0x0000000084880000)
 Metaspace       used 33627K, capacity 35316K, committed 35456K, reserved 1079296K
  class space    used 4543K, capacity 4873K, committed 4992K, reserved 1048576K
Event: 4.937 GC heap after
Heap after GC invocations=10 (full 1):
 PSYoungGen      total 178688K, used 11891K [0x00000000d5b00000, 0x00000000e4e80000, 0x0000000100000000)
  eden space 164864K, 0% used [0x00000000d5b00000,0x00000000d5b00000,0x00000000dfc00000)
  from space 13824K, 86% used [0x00000000dfc00000,0x00000000e079ceb0,0x00000000e0980000)
  to   space 14848K, 0% used [0x00000000e4000000,0x00000000e4000000,0x00000000e4e80000)
 ParOldGen       total 57856K, used 15775K [0x0000000081000000, 0x0000000084880000, 0x00000000d5b00000)
  object space 57856K, 27% used [0x0000000081000000,0x0000000081f67c50,0x0000000084880000)
 Metaspace       used 33627K, capacity 35316K, committed 35456K, reserved 1079296K
  class space    used 4543K, capacity 4873K, committed 4992K, reserved 1048576K
}
Event: 4.937 GC heap before
{Heap before GC invocations=11 (full 2):
 PSYoungGen      total 178688K, used 11891K [0x00000000d5b00000, 0x00000000e4e80000, 0x0000000100000000)
  eden space 164864K, 0% used [0x00000000d5b00000,0x00000000d5b00000,0x00000000dfc00000)
  from space 13824K, 86% used [0x00000000dfc00000,0x00000000e079ceb0,0x00000000e0980000)
  to   space 14848K, 0% used [0x00000000e4000000,0x00000000e4000000,0x00000000e4e80000)
 ParOldGen       total 57856K, used 15775K [0x0000000081000000, 0x0000000084880000, 0x00000000d5b00000)
  object space 57856K, 27% used [0x0000000081000000,0x0000000081f67c50,0x0000000084880000)
 Metaspace       used 33627K, capacity 35316K, committed 35456K, reserved 1079296K
  class space    used 4543K, capacity 4873K, committed 4992K, reserved 1048576K
Event: 5.023 GC heap after
Heap after GC invocations=11 (full 2):
 PSYoungGen      total 178688K, used 0K [0x00000000d5b00000, 0x00000000e4e80000, 0x0000000100000000)
  eden space 164864K, 0% used [0x00000000d5b00000,0x00000000d5b00000,0x00000000dfc00000)
  from space 13824K, 0% used [0x00000000dfc00000,0x00000000dfc00000,0x00000000e0980000)
  to   space 14848K, 0% used [0x00000000e4000000,0x00000000e4000000,0x00000000e4e80000)
 ParOldGen       total 90624K, used 18975K [0x0000000081000000, 0x0000000086880000, 0x00000000d5b00000)
  object space 90624K, 20% used [0x0000000081000000,0x0000000082287d80,0x0000000086880000)
 Metaspace       used 33627K, capacity 35316K, committed 35456K, reserved 1079296K
  class space    used 4543K, capacity 4873K, committed 4992K, reserved 1048576K
}
Event: 6.172 GC heap before
{Heap before GC invocations=12 (full 2):
 PSYoungGen      total 178688K, used 164864K [0x00000000d5b00000, 0x00000000e4e80000, 0x0000000100000000)
  eden space 164864K, 100% used [0x00000000d5b00000,0x00000000dfc00000,0x00000000dfc00000)
  from space 13824K, 0% used [0x00000000dfc00000,0x00000000dfc00000,0x00000000e0980000)
  to   space 14848K, 0% used [0x00000000e4000000,0x00000000e4000000,0x00000000e4e80000)
 ParOldGen       total 90624K, used 18975K [0x0000000081000000, 0x0000000086880000, 0x00000000d5b00000)
  object space 90624K, 20% used [0x0000000081000000,0x0000000082287d80,0x0000000086880000)
 Metaspace       used 46430K, capacity 48350K, committed 48640K, reserved 1091584K
  class space    used 6440K, capacity 6811K, committed 6912K, reserved 1048576K
Event: 6.187 GC heap after
Heap after GC invocations=12 (full 2):
 PSYoungGen      total 227840K, used 14847K [0x00000000d5b00000, 0x00000000e4e80000, 0x0000000100000000)
  eden space 212992K, 0% used [0x00000000d5b00000,0x00000000d5b00000,0x00000000e2b00000)
  from space 14848K, 99% used [0x00000000e4000000,0x00000000e4e7fe80,0x00000000e4e80000)
  to   space 16896K, 0% used [0x00000000e2d80000,0x00000000e2d80000,0x00000000e3e00000)
 ParOldGen       total 90624K, used 19542K [0x0000000081000000, 0x0000000086880000, 0x00000000d5b00000)
  object space 90624K, 21% used [0x0000000081000000,0x0000000082315a48,0x0000000086880000)
 Metaspace       used 46430K, capacity 48350K, committed 48640K, reserved 1091584K
  class space    used 6440K, capacity 6811K, committed 6912K, reserved 1048576K
}
Event: 7.769 GC heap before
{Heap before GC invocations=13 (full 2):
 PSYoungGen      total 227840K, used 224187K [0x00000000d5b00000, 0x00000000e4e80000, 0x0000000100000000)
  eden space 212992K, 98% used [0x00000000d5b00000,0x00000000e276edb0,0x00000000e2b00000)
  from space 14848K, 99% used [0x00000000e4000000,0x00000000e4e7fe80,0x00000000e4e80000)
  to   space 16896K, 0% used [0x00000000e2d80000,0x00000000e2d80000,0x00000000e3e00000)
 ParOldGen       total 90624K, used 19542K [0x0000000081000000, 0x0000000086880000, 0x00000000d5b00000)
  object space 90624K, 21% used [0x0000000081000000,0x0000000082315a48,0x0000000086880000)
 Metaspace       used 56296K, capacity 58962K, committed 59096K, reserved 1099776K
  class space    used 7887K, capacity 8370K, committed 8448K, reserved 1048576K
Event: 7.792 GC heap after
Heap after GC invocations=13 (full 2):
 PSYoungGen      total 232448K, used 16044K [0x00000000d5b00000, 0x00000000e8880000, 0x0000000100000000)
  eden space 215552K, 0% used [0x00000000d5b00000,0x00000000d5b00000,0x00000000e2d80000)
  from space 16896K, 94% used [0x00000000e2d80000,0x00000000e3d2b360,0x00000000e3e00000)
  to   space 18944K, 0% used [0x00000000e7600000,0x00000000e7600000,0x00000000e8880000)
 ParOldGen       total 90624K, used 25666K [0x0000000081000000, 0x0000000086880000, 0x00000000d5b00000)
  object space 90624K, 28% used [0x0000000081000000,0x0000000082910ac0,0x0000000086880000)
 Metaspace       used 56296K, capacity 58962K, committed 59096K, reserved 1099776K
  class space    used 7887K, capacity 8370K, committed 8448K, reserved 1048576K
}
Event: 7.792 GC heap before
{Heap before GC invocations=14 (full 3):
 PSYoungGen      total 232448K, used 16044K [0x00000000d5b00000, 0x00000000e8880000, 0x0000000100000000)
  eden space 215552K, 0% used [0x00000000d5b00000,0x00000000d5b00000,0x00000000e2d80000)
  from space 16896K, 94% used [0x00000000e2d80000,0x00000000e3d2b360,0x00000000e3e00000)
  to   space 18944K, 0% used [0x00000000e7600000,0x00000000e7600000,0x00000000e8880000)
 ParOldGen       total 90624K, used 25666K [0x0000000081000000, 0x0000000086880000, 0x00000000d5b00000)
  object space 90624K, 28% used [0x0000000081000000,0x0000000082910ac0,0x0000000086880000)
 Metaspace       used 56296K, capacity 58962K, committed 59096K, reserved 1099776K
  class space    used 7887K, capacity 8370K, committed 8448K, reserved 1048576K
Event: 8.028 GC heap after
Heap after GC invocations=14 (full 3):
 PSYoungGen      total 232448K, used 0K [0x00000000d5b00000, 0x00000000e8880000, 0x0000000100000000)
  eden space 215552K, 0% used [0x00000000d5b00000,0x00000000d5b00000,0x00000000e2d80000)
  from space 16896K, 0% used [0x00000000e2d80000,0x00000000e2d80000,0x00000000e3e00000)
  to   space 18944K, 0% used [0x00000000e7600000,0x00000000e7600000,0x00000000e8880000)
 ParOldGen       total 136704K, used 37507K [0x0000000081000000, 0x0000000089580000, 0x00000000d5b00000)
  object space 136704K, 27% used [0x0000000081000000,0x00000000834a0fd8,0x0000000089580000)
 Metaspace       used 56296K, capacity 58962K, committed 59096K, reserved 1099776K
  class space    used 7887K, capacity 8370K, committed 8448K, reserved 1048576K
}

